[2024-04-29T10:02:40.332+0530] {taskinstance.py:1165} INFO - Dependencies all met for <TaskInstance: tutorial.templated manual__2024-04-29T04:32:31.944124+00:00 [queued]>
[2024-04-29T10:02:40.334+0530] {taskinstance.py:1165} INFO - Dependencies all met for <TaskInstance: tutorial.templated manual__2024-04-29T04:32:31.944124+00:00 [queued]>
[2024-04-29T10:02:40.334+0530] {taskinstance.py:1362} INFO - 
--------------------------------------------------------------------------------
[2024-04-29T10:02:40.334+0530] {taskinstance.py:1363} INFO - Starting attempt 1 of 2
[2024-04-29T10:02:40.334+0530] {taskinstance.py:1364} INFO - 
--------------------------------------------------------------------------------
[2024-04-29T10:02:40.337+0530] {taskinstance.py:1383} INFO - Executing <Task(BashOperator): templated> on 2024-04-29 04:32:31.944124+00:00
[2024-04-29T10:02:40.339+0530] {standard_task_runner.py:55} INFO - Started process 42942 to run task
[2024-04-29T10:02:40.341+0530] {standard_task_runner.py:82} INFO - Running: ['airflow', 'tasks', 'run', 'tutorial', 'templated', 'manual__2024-04-29T04:32:31.944124+00:00', '--job-id', '4', '--raw', '--subdir', 'DAGS_FOLDER/tutorial.py', '--cfg-path', '/var/folders/ks/_614mn9d3c53zg_y00d9md840000gn/T/tmpc8rsv4so']
[2024-04-29T10:02:40.342+0530] {standard_task_runner.py:83} INFO - Job 4: Subtask templated
[2024-04-29T10:02:40.355+0530] {task_command.py:376} INFO - Running <TaskInstance: tutorial.templated manual__2024-04-29T04:32:31.944124+00:00 [running]> on host apple.local
[2024-04-29T10:02:40.371+0530] {taskinstance.py:1590} INFO - Exporting the following env vars:
AIRFLOW_CTX_DAG_EMAIL=airflow@example.com
AIRFLOW_CTX_DAG_OWNER=airflow
AIRFLOW_CTX_DAG_ID=tutorial
AIRFLOW_CTX_TASK_ID=templated
AIRFLOW_CTX_EXECUTION_DATE=2024-04-29T04:32:31.944124+00:00
AIRFLOW_CTX_TRY_NUMBER=1
AIRFLOW_CTX_DAG_RUN_ID=manual__2024-04-29T04:32:31.944124+00:00
[2024-04-29T10:02:40.372+0530] {subprocess.py:63} INFO - Tmp dir root location: 
 /var/folders/ks/_614mn9d3c53zg_y00d9md840000gn/T
[2024-04-29T10:02:40.372+0530] {subprocess.py:75} INFO - Running command: ['/opt/homebrew/bin/bash', '-c', '\n\n    echo "2024-04-29"\n    echo "2024-05-06"\n\n    echo "2024-04-29"\n    echo "2024-05-06"\n\n    echo "2024-04-29"\n    echo "2024-05-06"\n\n    echo "2024-04-29"\n    echo "2024-05-06"\n\n    echo "2024-04-29"\n    echo "2024-05-06"\n']
[2024-04-29T10:02:40.374+0530] {subprocess.py:86} INFO - Output:
[2024-04-29T10:02:40.377+0530] {subprocess.py:93} INFO - 2024-04-29
[2024-04-29T10:02:40.377+0530] {subprocess.py:93} INFO - 2024-05-06
[2024-04-29T10:02:40.377+0530] {subprocess.py:93} INFO - 2024-04-29
[2024-04-29T10:02:40.377+0530] {subprocess.py:93} INFO - 2024-05-06
[2024-04-29T10:02:40.377+0530] {subprocess.py:93} INFO - 2024-04-29
[2024-04-29T10:02:40.377+0530] {subprocess.py:93} INFO - 2024-05-06
[2024-04-29T10:02:40.377+0530] {subprocess.py:93} INFO - 2024-04-29
[2024-04-29T10:02:40.378+0530] {subprocess.py:93} INFO - 2024-05-06
[2024-04-29T10:02:40.378+0530] {subprocess.py:93} INFO - 2024-04-29
[2024-04-29T10:02:40.378+0530] {subprocess.py:93} INFO - 2024-05-06
[2024-04-29T10:02:40.378+0530] {subprocess.py:97} INFO - Command exited with return code 0
[2024-04-29T10:02:40.383+0530] {taskinstance.py:1401} INFO - Marking task as SUCCESS. dag_id=tutorial, task_id=templated, execution_date=20240429T043231, start_date=20240429T043240, end_date=20240429T043240
[2024-04-29T10:02:40.403+0530] {local_task_job.py:159} INFO - Task exited with return code 0
[2024-04-29T10:02:40.408+0530] {taskinstance.py:2623} INFO - 0 downstream tasks scheduled from follow-on schedule check
