[2024-04-29T10:03:45.792+0530] {taskinstance.py:1165} INFO - Dependencies all met for <TaskInstance: tutorial.templated scheduled__2024-04-28T04:33:38.943188+00:00 [queued]>
[2024-04-29T10:03:45.794+0530] {taskinstance.py:1165} INFO - Dependencies all met for <TaskInstance: tutorial.templated scheduled__2024-04-28T04:33:38.943188+00:00 [queued]>
[2024-04-29T10:03:45.794+0530] {taskinstance.py:1362} INFO - 
--------------------------------------------------------------------------------
[2024-04-29T10:03:45.794+0530] {taskinstance.py:1363} INFO - Starting attempt 1 of 2
[2024-04-29T10:03:45.794+0530] {taskinstance.py:1364} INFO - 
--------------------------------------------------------------------------------
[2024-04-29T10:03:45.797+0530] {taskinstance.py:1383} INFO - Executing <Task(BashOperator): templated> on 2024-04-28 04:33:38.943188+00:00
[2024-04-29T10:03:45.799+0530] {standard_task_runner.py:55} INFO - Started process 43596 to run task
[2024-04-29T10:03:45.801+0530] {standard_task_runner.py:82} INFO - Running: ['airflow', 'tasks', 'run', 'tutorial', 'templated', 'scheduled__2024-04-28T04:33:38.943188+00:00', '--job-id', '7', '--raw', '--subdir', 'DAGS_FOLDER/tutorial.py', '--cfg-path', '/var/folders/ks/_614mn9d3c53zg_y00d9md840000gn/T/tmpri5i40o2']
[2024-04-29T10:03:45.802+0530] {standard_task_runner.py:83} INFO - Job 7: Subtask templated
[2024-04-29T10:03:45.814+0530] {task_command.py:376} INFO - Running <TaskInstance: tutorial.templated scheduled__2024-04-28T04:33:38.943188+00:00 [running]> on host apple.local
[2024-04-29T10:03:45.830+0530] {taskinstance.py:1590} INFO - Exporting the following env vars:
AIRFLOW_CTX_DAG_EMAIL=airflow@example.com
AIRFLOW_CTX_DAG_OWNER=airflow
AIRFLOW_CTX_DAG_ID=tutorial
AIRFLOW_CTX_TASK_ID=templated
AIRFLOW_CTX_EXECUTION_DATE=2024-04-28T04:33:38.943188+00:00
AIRFLOW_CTX_TRY_NUMBER=1
AIRFLOW_CTX_DAG_RUN_ID=scheduled__2024-04-28T04:33:38.943188+00:00
[2024-04-29T10:03:45.831+0530] {subprocess.py:63} INFO - Tmp dir root location: 
 /var/folders/ks/_614mn9d3c53zg_y00d9md840000gn/T
[2024-04-29T10:03:45.831+0530] {subprocess.py:75} INFO - Running command: ['/opt/homebrew/bin/bash', '-c', '\n\n    echo "2024-04-28"\n    echo "2024-05-05"\n\n    echo "2024-04-28"\n    echo "2024-05-05"\n\n    echo "2024-04-28"\n    echo "2024-05-05"\n\n    echo "2024-04-28"\n    echo "2024-05-05"\n\n    echo "2024-04-28"\n    echo "2024-05-05"\n']
[2024-04-29T10:03:45.833+0530] {subprocess.py:86} INFO - Output:
[2024-04-29T10:03:45.836+0530] {subprocess.py:93} INFO - 2024-04-28
[2024-04-29T10:03:45.836+0530] {subprocess.py:93} INFO - 2024-05-05
[2024-04-29T10:03:45.836+0530] {subprocess.py:93} INFO - 2024-04-28
[2024-04-29T10:03:45.836+0530] {subprocess.py:93} INFO - 2024-05-05
[2024-04-29T10:03:45.836+0530] {subprocess.py:93} INFO - 2024-04-28
[2024-04-29T10:03:45.836+0530] {subprocess.py:93} INFO - 2024-05-05
[2024-04-29T10:03:45.836+0530] {subprocess.py:93} INFO - 2024-04-28
[2024-04-29T10:03:45.836+0530] {subprocess.py:93} INFO - 2024-05-05
[2024-04-29T10:03:45.837+0530] {subprocess.py:93} INFO - 2024-04-28
[2024-04-29T10:03:45.837+0530] {subprocess.py:93} INFO - 2024-05-05
[2024-04-29T10:03:45.837+0530] {subprocess.py:97} INFO - Command exited with return code 0
[2024-04-29T10:03:45.842+0530] {taskinstance.py:1401} INFO - Marking task as SUCCESS. dag_id=tutorial, task_id=templated, execution_date=20240428T043338, start_date=20240429T043345, end_date=20240429T043345
[2024-04-29T10:03:45.863+0530] {local_task_job.py:159} INFO - Task exited with return code 0
[2024-04-29T10:03:45.867+0530] {taskinstance.py:2623} INFO - 0 downstream tasks scheduled from follow-on schedule check
