[2024-04-29T10:03:39.397+0530] {taskinstance.py:1165} INFO - Dependencies all met for <TaskInstance: tutorial.print_date scheduled__2024-04-28T04:33:38.943188+00:00 [queued]>
[2024-04-29T10:03:39.399+0530] {taskinstance.py:1165} INFO - Dependencies all met for <TaskInstance: tutorial.print_date scheduled__2024-04-28T04:33:38.943188+00:00 [queued]>
[2024-04-29T10:03:39.399+0530] {taskinstance.py:1362} INFO - 
--------------------------------------------------------------------------------
[2024-04-29T10:03:39.399+0530] {taskinstance.py:1363} INFO - Starting attempt 1 of 2
[2024-04-29T10:03:39.399+0530] {taskinstance.py:1364} INFO - 
--------------------------------------------------------------------------------
[2024-04-29T10:03:39.402+0530] {taskinstance.py:1383} INFO - Executing <Task(BashOperator): print_date> on 2024-04-28 04:33:38.943188+00:00
[2024-04-29T10:03:39.404+0530] {standard_task_runner.py:55} INFO - Started process 43533 to run task
[2024-04-29T10:03:39.406+0530] {standard_task_runner.py:82} INFO - Running: ['airflow', 'tasks', 'run', 'tutorial', 'print_date', 'scheduled__2024-04-28T04:33:38.943188+00:00', '--job-id', '5', '--raw', '--subdir', 'DAGS_FOLDER/tutorial.py', '--cfg-path', '/var/folders/ks/_614mn9d3c53zg_y00d9md840000gn/T/tmp1y7005ki']
[2024-04-29T10:03:39.407+0530] {standard_task_runner.py:83} INFO - Job 5: Subtask print_date
[2024-04-29T10:03:39.420+0530] {task_command.py:376} INFO - Running <TaskInstance: tutorial.print_date scheduled__2024-04-28T04:33:38.943188+00:00 [running]> on host apple.local
[2024-04-29T10:03:39.432+0530] {taskinstance.py:1590} INFO - Exporting the following env vars:
AIRFLOW_CTX_DAG_EMAIL=airflow@example.com
AIRFLOW_CTX_DAG_OWNER=airflow
AIRFLOW_CTX_DAG_ID=tutorial
AIRFLOW_CTX_TASK_ID=print_date
AIRFLOW_CTX_EXECUTION_DATE=2024-04-28T04:33:38.943188+00:00
AIRFLOW_CTX_TRY_NUMBER=1
AIRFLOW_CTX_DAG_RUN_ID=scheduled__2024-04-28T04:33:38.943188+00:00
[2024-04-29T10:03:39.433+0530] {subprocess.py:63} INFO - Tmp dir root location: 
 /var/folders/ks/_614mn9d3c53zg_y00d9md840000gn/T
[2024-04-29T10:03:39.433+0530] {subprocess.py:75} INFO - Running command: ['/opt/homebrew/bin/bash', '-c', 'date']
[2024-04-29T10:03:39.435+0530] {subprocess.py:86} INFO - Output:
[2024-04-29T10:03:39.439+0530] {subprocess.py:93} INFO - Mon Apr 29 10:03:39 IST 2024
[2024-04-29T10:03:39.439+0530] {subprocess.py:97} INFO - Command exited with return code 0
[2024-04-29T10:03:39.444+0530] {taskinstance.py:1401} INFO - Marking task as SUCCESS. dag_id=tutorial, task_id=print_date, execution_date=20240428T043338, start_date=20240429T043339, end_date=20240429T043339
[2024-04-29T10:03:39.468+0530] {local_task_job.py:159} INFO - Task exited with return code 0
[2024-04-29T10:03:39.474+0530] {taskinstance.py:2623} INFO - 2 downstream tasks scheduled from follow-on schedule check
