[2024-04-29T10:28:09.281+0530] {taskinstance.py:1165} INFO - Dependencies all met for <TaskInstance: tutorial_dag.load manual__2024-04-29T04:58:05.873872+00:00 [queued]>
[2024-04-29T10:28:09.283+0530] {taskinstance.py:1165} INFO - Dependencies all met for <TaskInstance: tutorial_dag.load manual__2024-04-29T04:58:05.873872+00:00 [queued]>
[2024-04-29T10:28:09.283+0530] {taskinstance.py:1362} INFO - 
--------------------------------------------------------------------------------
[2024-04-29T10:28:09.283+0530] {taskinstance.py:1363} INFO - Starting attempt 1 of 3
[2024-04-29T10:28:09.283+0530] {taskinstance.py:1364} INFO - 
--------------------------------------------------------------------------------
[2024-04-29T10:28:09.286+0530] {taskinstance.py:1383} INFO - Executing <Task(PythonOperator): load> on 2024-04-29 04:58:05.873872+00:00
[2024-04-29T10:28:09.288+0530] {standard_task_runner.py:55} INFO - Started process 57250 to run task
[2024-04-29T10:28:09.290+0530] {standard_task_runner.py:82} INFO - Running: ['airflow', 'tasks', 'run', 'tutorial_dag', 'load', 'manual__2024-04-29T04:58:05.873872+00:00', '--job-id', '10', '--raw', '--subdir', 'DAGS_FOLDER/tutorial_dag.py', '--cfg-path', '/var/folders/ks/_614mn9d3c53zg_y00d9md840000gn/T/tmpuxjr19zp']
[2024-04-29T10:28:09.291+0530] {standard_task_runner.py:83} INFO - Job 10: Subtask load
[2024-04-29T10:28:09.305+0530] {task_command.py:376} INFO - Running <TaskInstance: tutorial_dag.load manual__2024-04-29T04:58:05.873872+00:00 [running]> on host apple.local
[2024-04-29T10:28:09.318+0530] {taskinstance.py:1590} INFO - Exporting the following env vars:
AIRFLOW_CTX_DAG_OWNER=airflow
AIRFLOW_CTX_DAG_ID=tutorial_dag
AIRFLOW_CTX_TASK_ID=load
AIRFLOW_CTX_EXECUTION_DATE=2024-04-29T04:58:05.873872+00:00
AIRFLOW_CTX_TRY_NUMBER=1
AIRFLOW_CTX_DAG_RUN_ID=manual__2024-04-29T04:58:05.873872+00:00
[2024-04-29T10:28:09.320+0530] {logging_mixin.py:137} INFO - {'total_order_value': 1236.7}
[2024-04-29T10:28:09.321+0530] {python.py:177} INFO - Done. Returned value was: None
[2024-04-29T10:28:09.322+0530] {taskinstance.py:1401} INFO - Marking task as SUCCESS. dag_id=tutorial_dag, task_id=load, execution_date=20240429T045805, start_date=20240429T045809, end_date=20240429T045809
[2024-04-29T10:28:09.350+0530] {local_task_job.py:159} INFO - Task exited with return code 0
[2024-04-29T10:28:09.355+0530] {taskinstance.py:2623} INFO - 0 downstream tasks scheduled from follow-on schedule check
