[2024-04-29T10:02:34.002+0530] {taskinstance.py:1165} INFO - Dependencies all met for <TaskInstance: tutorial.print_date manual__2024-04-29T04:32:31.944124+00:00 [queued]>
[2024-04-29T10:02:34.006+0530] {taskinstance.py:1165} INFO - Dependencies all met for <TaskInstance: tutorial.print_date manual__2024-04-29T04:32:31.944124+00:00 [queued]>
[2024-04-29T10:02:34.006+0530] {taskinstance.py:1362} INFO - 
--------------------------------------------------------------------------------
[2024-04-29T10:02:34.006+0530] {taskinstance.py:1363} INFO - Starting attempt 1 of 2
[2024-04-29T10:02:34.006+0530] {taskinstance.py:1364} INFO - 
--------------------------------------------------------------------------------
[2024-04-29T10:02:34.013+0530] {taskinstance.py:1383} INFO - Executing <Task(BashOperator): print_date> on 2024-04-29 04:32:31.944124+00:00
[2024-04-29T10:02:34.016+0530] {standard_task_runner.py:55} INFO - Started process 42881 to run task
[2024-04-29T10:02:34.020+0530] {standard_task_runner.py:82} INFO - Running: ['airflow', 'tasks', 'run', 'tutorial', 'print_date', 'manual__2024-04-29T04:32:31.944124+00:00', '--job-id', '2', '--raw', '--subdir', 'DAGS_FOLDER/tutorial.py', '--cfg-path', '/var/folders/ks/_614mn9d3c53zg_y00d9md840000gn/T/tmpu23kjs2a']
[2024-04-29T10:02:34.021+0530] {standard_task_runner.py:83} INFO - Job 2: Subtask print_date
[2024-04-29T10:02:34.038+0530] {task_command.py:376} INFO - Running <TaskInstance: tutorial.print_date manual__2024-04-29T04:32:31.944124+00:00 [running]> on host apple.local
[2024-04-29T10:02:34.053+0530] {taskinstance.py:1590} INFO - Exporting the following env vars:
AIRFLOW_CTX_DAG_EMAIL=airflow@example.com
AIRFLOW_CTX_DAG_OWNER=airflow
AIRFLOW_CTX_DAG_ID=tutorial
AIRFLOW_CTX_TASK_ID=print_date
AIRFLOW_CTX_EXECUTION_DATE=2024-04-29T04:32:31.944124+00:00
AIRFLOW_CTX_TRY_NUMBER=1
AIRFLOW_CTX_DAG_RUN_ID=manual__2024-04-29T04:32:31.944124+00:00
[2024-04-29T10:02:34.053+0530] {subprocess.py:63} INFO - Tmp dir root location: 
 /var/folders/ks/_614mn9d3c53zg_y00d9md840000gn/T
[2024-04-29T10:02:34.053+0530] {subprocess.py:75} INFO - Running command: ['/opt/homebrew/bin/bash', '-c', 'date']
[2024-04-29T10:02:34.055+0530] {subprocess.py:86} INFO - Output:
[2024-04-29T10:02:34.060+0530] {subprocess.py:93} INFO - Mon Apr 29 10:02:34 IST 2024
[2024-04-29T10:02:34.060+0530] {subprocess.py:97} INFO - Command exited with return code 0
[2024-04-29T10:02:34.065+0530] {taskinstance.py:1401} INFO - Marking task as SUCCESS. dag_id=tutorial, task_id=print_date, execution_date=20240429T043231, start_date=20240429T043234, end_date=20240429T043234
[2024-04-29T10:02:34.081+0530] {local_task_job.py:159} INFO - Task exited with return code 0
[2024-04-29T10:02:34.086+0530] {taskinstance.py:2623} INFO - 2 downstream tasks scheduled from follow-on schedule check
